[    3038ms] [ERROR] Attestation check for Attribution Reporting on https://www.google-analytics.com failed. @ https://www.minimaxi.com/:0
[    3620ms] Unexpected token '<'
[    3619ms] [ERROR] Failed to fetch RSC payload for https://www.minimaxi.com/audio. Falling back to browser navigation. ChunkLoadError: Loading chunk 5590 failed.
(missing: https://www.minimaxi.com/_next/static/chunks/a7550a71-0f424f114e80f0d4.js)
    at s.f.j (https://www.minimaxi.com/_next/static/chunks/webpack-70863f61ca77371d.js:1:3150)
    at https://www.minimaxi.com/_next/static/chunks/webpack-70863f61ca77371d.js:1:1400
    at Array.reduce (<anonymous>)
    at s.e (https://www.minimaxi.com/_next/static/chunks/webpack-70863f61ca77371d.js:1:1366)
    at https://www.minimaxi.com/_next/static/chunks/945-a0b4f050c6b83bbb.js:2:18938
    at https://www.minimaxi.com/_next/static/chunks/945-a0b4f050c6b83bbb.js:2:19140
    at t (https://www.minimaxi.com/_next/static/chunks/945-a0b4f050c6b83bbb.js:2:19343) @ https://www.minimaxi.com/_next/static/chunks/945-a0b4f050c6b83bbb.js:0
[    4454ms] Unexpected token '<'
[    4667ms] Unexpected token '<'
[    4732ms] Unexpected token '<'
[    4855ms] Unexpected token '<'
[    5208ms] Unexpected token '<'
[    5498ms] Unexpected token '<'
[    5623ms] Unexpected token '<'
[    5693ms] Unexpected token '<'
[    5821ms] Unexpected token '<'
[    5851ms] Unexpected token '<'
[    5957ms] Unexpected token '<'
[    6059ms] Unexpected token '<'
[    6100ms] Unexpected token '<'
[    6182ms] Unexpected token '<'
[    6275ms] Unexpected token '<'
[    6378ms] Unexpected token '<'
[    6909ms] Unexpected token '<'
[    6987ms] Unexpected token '<'
[    7035ms] Unexpected token '<'
[    7190ms] Unexpected token '<'
[    7319ms] Unexpected token '<'
[    7470ms] Unexpected token '<'
[    7709ms] Unexpected token '<'
[    7725ms] Unexpected token '<'
[    7956ms] Unexpected token '<'
[    8131ms] Unexpected token '<'
[    8395ms] Unexpected token '<'
[    8412ms] Unexpected token '<'
[    8642ms] Unexpected token '<'
[    8831ms] Unexpected token '<'
[    8970ms] Unexpected token '<'
[    9301ms] Unexpected token '<'
[    9462ms] Unexpected token '<'
[    9542ms] Unexpected token '<'
[    9932ms] Unexpected token '<'
[    9967ms] Unexpected token '<'
[   10167ms] Unexpected token '<'
[   10232ms] Unexpected token '<'
[   10323ms] Unexpected token '<'
[   10416ms] Unexpected token '<'
